-XX:+UseParallelOldGC

14,732 seconds on PS MarkSweep (13 collections)
1,465 seconds on PS Scavenge (12 collections)

/usr/lib/jvm/java-1.11.0-openjdk-amd64/bin/java -agentlib:jdwp=transport=dt_socket,address=14000,server=y,suspend=n -Xms512m -Xmx512m -XX:MaxMetaspaceSize=256m -verbose:gc -Dcom.sun.management.jmxremote.port=15000 -Dcom.sun.management.jmxremote.authenticate=false -Dcom.sun.management.jmxremote.ssl=false -XX:+HeapDumpOnOutOfMemoryError -XX:HeapDumpPath=./dumps/ -XX:+UseParallelOldGC -javaagent:/home/rabbit/BIN/idea/lib/idea_rt.jar=44269:/home/rabbit/BIN/idea/bin -Dfile.encoding=UTF-8 -classpath /home/rabbit/PROJECTS/otus-java-2018-06/L051gc/target/classes l05.Main
[0.009s][info][gc] Using Parallel
Listening for transport dt_socket at address: 14000
com.sun.management.internal.GarbageCollectorExtImpl@612679d6
com.sun.management.internal.GarbageCollectorExtImpl@11758f2a
[1,108s][info][gc] GC(0) Pause Young (Allocation Failure) 128M->28M(491M) 41,660ms

Young Gen GC: - 1 PS Scavenge (from Allocation Failure) 42 milliseconds; start-end times 970-1012
CodeHeap 'profiled nmethods'(still expandable)used: 13.0%->13.0%(1MB) / PS Eden Space(fully expanded)used: 0.0%->99.9%(21MB) / CodeHeap 'non-profiled nmethods'(fully expanded)used: 0.0%->2.1%(8MB) / Compressed Class Space(still expandable)used: 85.4%->85.4%(2MB) / PS Old Gen(still expandable)used: 94.6%->94.6%(13MB) / PS Survivor Space(fully expanded)used: 100.0%->0.0%(1MB) / Metaspace(still expandable)used: 54.0%->54.0%(2MB) / CodeHeap 'non-nmethods'(still expandable)used: 45.8%->45.8%(2MB) /
GC cumulated overhead 4.1%
[1,473s][info][gc] GC(1) Pause Young (Allocation Failure) 142M->64M(491M) 81,961ms

Young Gen GC: - 2 PS Scavenge (from Allocation Failure) 82 milliseconds; start-end times 1295-1377
CodeHeap 'profiled nmethods'(still expandable)used: 13.7%->13.7%(1MB) / PS Eden Space(fully expanded)used: 99.9%->99.9%(21MB) / CodeHeap 'non-profiled nmethods'(fully expanded)used: 2.1%->12.6%(44MB) / Compressed Class Space(still expandable)used: 88.0%->88.0%(2MB) / PS Old Gen(still expandable)used: 94.8%->94.8%(13MB) / PS Survivor Space(fully expanded)used: 89.2%->0.0%(1MB) / Metaspace(still expandable)used: 56.4%->56.4%(2MB) / CodeHeap 'non-nmethods'(still expandable)used: 45.9%->45.9%(2MB) /
GC cumulated overhead 9.0%
[1,912s][info][gc] GC(2) Pause Young (Allocation Failure) 177M->105M(491M) 78,659ms

Young Gen GC: - 3 PS Scavenge (from Allocation Failure) 78 milliseconds; start-end times 1738-1816
CodeHeap 'profiled nmethods'(still expandable)used: 13.8%->13.8%(1MB) / PS Eden Space(fully expanded)used: 99.9%->99.9%(21MB) / CodeHeap 'non-profiled nmethods'(fully expanded)used: 12.6%->24.8%(85MB) / Compressed Class Space(still expandable)used: 88.0%->88.0%(2MB) / PS Old Gen(still expandable)used: 94.8%->94.8%(13MB) / PS Survivor Space(fully expanded)used: 87.7%->0.0%(1MB) / Metaspace(still expandable)used: 56.5%->56.5%(2MB) / CodeHeap 'non-nmethods'(still expandable)used: 45.9%->45.9%(2MB) /
GC cumulated overhead 11.1%
[2,532s][info][gc] GC(3) Pause Young (Allocation Failure) 234M->136M(491M) 102,602ms

Young Gen GC: - 4 PS Scavenge (from Allocation Failure) 102 milliseconds; start-end times 2334-2436
CodeHeap 'profiled nmethods'(still expandable)used: 14.0%->14.0%(1MB) / PS Eden Space(fully expanded)used: 99.9%->99.8%(21MB) / CodeHeap 'non-profiled nmethods'(fully expanded)used: 24.8%->33.8%(116MB) / Compressed Class Space(still expandable)used: 88.0%->88.0%(2MB) / PS Old Gen(still expandable)used: 94.9%->94.9%(13MB) / PS Survivor Space(fully expanded)used: 100.0%->0.0%(1MB) / Metaspace(still expandable)used: 56.9%->56.9%(2MB) / CodeHeap 'non-nmethods'(still expandable)used: 45.9%->45.9%(2MB) /
GC cumulated overhead 12.4%
[3,179s][info][gc] GC(4) Pause Young (Allocation Failure) 265M->192M(491M) 112,419ms

Young Gen GC: - 5 PS Scavenge (from Allocation Failure) 112 milliseconds; start-end times 2971-3083
CodeHeap 'profiled nmethods'(still expandable)used: 14.1%->14.1%(1MB) / PS Eden Space(fully expanded)used: 99.8%->99.9%(21MB) / CodeHeap 'non-profiled nmethods'(fully expanded)used: 33.8%->50.1%(172MB) / Compressed Class Space(still expandable)used: 88.0%->88.0%(2MB) / PS Old Gen(still expandable)used: 94.9%->94.9%(13MB) / PS Survivor Space(fully expanded)used: 100.0%->0.0%(1MB) / Metaspace(still expandable)used: 57.2%->57.2%(2MB) / CodeHeap 'non-nmethods'(still expandable)used: 45.9%->45.9%(2MB) /
GC cumulated overhead 13.4%
[4,173s][info][gc] GC(5) Pause Young (Allocation Failure) 320M->220M(420M) 202,225ms

Young Gen GC: - 6 PS Scavenge (from Allocation Failure) 202 milliseconds; start-end times 3875-4077
CodeHeap 'profiled nmethods'(still expandable)used: 14.2%->14.2%(1MB) / PS Eden Space(fully expanded)used: 99.9%->100.0%(22MB) / CodeHeap 'non-profiled nmethods'(fully expanded)used: 50.1%->58.3%(200MB) / Compressed Class Space(still expandable)used: 88.0%->88.0%(2MB) / PS Old Gen(still expandable)used: 94.9%->94.9%(13MB) / PS Survivor Space(still expandable)used: 100.0%->0.0%(1MB) / Metaspace(still expandable)used: 57.8%->57.8%(2MB) / CodeHeap 'non-nmethods'(still expandable)used: 45.9%->45.9%(2MB) /
GC cumulated overhead 15.1%
[4,707s][info][gc] GC(6) Pause Young (Allocation Failure) 330M->285M(455M) 103,178ms

Young Gen GC: - 7 PS Scavenge (from Allocation Failure) 103 milliseconds; start-end times 4508-4611
CodeHeap 'profiled nmethods'(still expandable)used: 14.3%->14.3%(1MB) / PS Eden Space(fully expanded)used: 100.0%->150.1%(32MB) / CodeHeap 'non-profiled nmethods'(fully expanded)used: 73.8%->74.4%(255MB) / Compressed Class Space(still expandable)used: 88.0%->88.0%(2MB) / PS Old Gen(still expandable)used: 94.9%->94.9%(13MB) / PS Survivor Space(fully expanded)used: 100.0%->0.0%(1MB) / Metaspace(still expandable)used: 58.1%->58.1%(2MB) / CodeHeap 'non-nmethods'(still expandable)used: 45.9%->45.9%(2MB) /
GC cumulated overhead 15.6%
[5,283s][info][gc] GC(7) Pause Young (Allocation Failure) 343M->298M(455M) 138,450ms

Young Gen GC: - 8 PS Scavenge (from Allocation Failure) 139 milliseconds; start-end times 5048-5187
CodeHeap 'profiled nmethods'(still expandable)used: 14.3%->14.3%(1MB) / PS Eden Space(fully expanded)used: 55.8%->72.6%(42MB) / CodeHeap 'non-profiled nmethods'(fully expanded)used: 74.4%->75.3%(258MB) / Compressed Class Space(still expandable)used: 88.0%->88.0%(2MB) / PS Old Gen(still expandable)used: 94.9%->94.9%(13MB) / PS Survivor Space(fully expanded)used: 100.0%->0.0%(1MB) / Metaspace(still expandable)used: 58.3%->58.3%(2MB) / CodeHeap 'non-nmethods'(still expandable)used: 45.9%->45.9%(2MB) /
GC cumulated overhead 16.5%
[5,933s][info][gc] GC(8) Pause Young (Allocation Failure) 355M->310M(455M) 182,016ms

Young Gen GC: - 9 PS Scavenge (from Allocation Failure) 182 milliseconds; start-end times 5655-5837
CodeHeap 'profiled nmethods'(still expandable)used: 14.4%->14.4%(1MB) / PS Eden Space(fully expanded)used: 72.6%->66.9%(38MB) / CodeHeap 'non-profiled nmethods'(fully expanded)used: 75.3%->79.9%(274MB) / Compressed Class Space(still expandable)used: 88.0%->88.0%(2MB) / PS Old Gen(still expandable)used: 94.9%->94.9%(13MB) / PS Survivor Space(fully expanded)used: 100.0%->0.0%(1MB) / Metaspace(still expandable)used: 58.8%->58.8%(2MB) / CodeHeap 'non-nmethods'(still expandable)used: 45.9%->45.9%(2MB) /
GC cumulated overhead 17.8%
[6,711s][info][gc] GC(9) Pause Young (Allocation Failure) 368M->323M(455M) 221,324ms
[7,912s][info][gc] GC(10) Pause Full (Ergonomics) 323M->238M(455M) 1200,444ms

Young Gen GC: - 10 PS Scavenge (from Allocation Failure) 221 milliseconds; start-end times 6394-6615
CodeHeap 'profiled nmethods'(still expandable)used: 14.5%->14.5%(1MB) / PS Eden Space(fully expanded)used: 66.9%->44.7%(26MB) / CodeHeap 'non-profiled nmethods'(fully expanded)used: 79.9%->87.3%(299MB) / Compressed Class Space(still expandable)used: 88.0%->88.0%(2MB) / PS Old Gen(still expandable)used: 95.0%->95.0%(13MB) / PS Survivor Space(fully expanded)used: 100.0%->0.0%(1MB) / Metaspace(still expandable)used: 59.3%->59.3%(2MB) / CodeHeap 'non-nmethods'(still expandable)used: 45.9%->45.9%(2MB) /
GC cumulated overhead 19.0%

Old Gen GC: - 1 PS MarkSweep (from Ergonomics) 1201 milliseconds; start-end times 6615-7816
CodeHeap 'profiled nmethods'(still expandable)used: 14.5%->14.5%(1MB) / PS Eden Space(fully expanded)used: 44.7%->0.0%(1MB) / CodeHeap 'non-profiled nmethods'(fully expanded)used: 87.3%->69.7%(239MB) / Compressed Class Space(still expandable)used: 88.0%->87.9%(2MB) / PS Old Gen(still expandable)used: 95.0%->94.9%(13MB) / PS Survivor Space(fully expanded)used: 0.0%->0.0%(1MB) / Metaspace(still expandable)used: 59.3%->59.3%(2MB) / CodeHeap 'non-nmethods'(still expandable)used: 45.9%->45.9%(2MB) /
GC cumulated overhead 15.3%
[8,512s][info][gc] GC(11) Pause Young (Allocation Failure) 295M->250M(455M) 56,568ms

Young Gen GC: - 11 PS Scavenge (from Allocation Failure) 56 milliseconds; start-end times 8360-8416
CodeHeap 'profiled nmethods'(still expandable)used: 15.6%->15.6%(1MB) / PS Eden Space(fully expanded)used: 0.0%->21.6%(13MB) / CodeHeap 'non-profiled nmethods'(fully expanded)used: 69.7%->69.7%(239MB) / Compressed Class Space(still expandable)used: 84.0%->84.0%(2MB) / PS Old Gen(still expandable)used: 95.1%->95.1%(13MB) / PS Survivor Space(fully expanded)used: 100.0%->0.0%(1MB) / Metaspace(still expandable)used: 63.0%->63.0%(2MB) / CodeHeap 'non-nmethods'(still expandable)used: 46.0%->46.0%(2MB) /
GC cumulated overhead 15.6%
[9,290s][info][gc] GC(12) Pause Young (Allocation Failure) 308M->262M(455M) 144,950ms

Young Gen GC: - 12 PS Scavenge (from Allocation Failure) 145 milliseconds; start-end times 9049-9194
CodeHeap 'profiled nmethods'(still expandable)used: 19.0%->19.0%(1MB) / PS Eden Space(fully expanded)used: 21.6%->21.5%(13MB) / CodeHeap 'non-profiled nmethods'(fully expanded)used: 69.7%->73.3%(251MB) / Compressed Class Space(still expandable)used: 83.5%->83.5%(2MB) / PS Old Gen(still expandable)used: 94.5%->94.5%(14MB) / PS Survivor Space(fully expanded)used: 100.0%->0.0%(1MB) / Metaspace(still expandable)used: 74.6%->74.6%(2MB) / CodeHeap 'non-nmethods'(still expandable)used: 46.4%->46.4%(2MB) /
GC cumulated overhead 15.9%
[10,953s][info][gc] GC(13) Pause Full (Ergonomics) 399M->301M(455M) 817,232ms

Old Gen GC: - 2 PS MarkSweep (from Ergonomics) 817 milliseconds; start-end times 10040-10857
CodeHeap 'profiled nmethods'(still expandable)used: 21.9%->21.9%(1MB) / PS Eden Space(fully expanded)used: 21.5%->0.0%(1MB) / CodeHeap 'non-profiled nmethods'(fully expanded)used: 96.5%->88.2%(302MB) / Compressed Class Space(still expandable)used: 84.5%->84.5%(2MB) / PS Old Gen(still expandable)used: 94.3%->94.3%(14MB) / PS Survivor Space(fully expanded)used: 100.0%->0.0%(1MB) / Metaspace(still expandable)used: 86.0%->86.0%(3MB) / CodeHeap 'non-nmethods'(still expandable)used: 46.4%->46.4%(2MB) /
GC cumulated overhead 18.5%
[12,618s][info][gc] GC(14) Pause Full (Ergonomics) 358M->313M(455M) 1037,359ms

Old Gen GC: - 3 PS MarkSweep (from Ergonomics) 1038 milliseconds; start-end times 11485-12523
CodeHeap 'profiled nmethods'(still expandable)used: 21.9%->21.9%(1MB) / PS Eden Space(fully expanded)used: 0.0%->0.0%(1MB) / CodeHeap 'non-profiled nmethods'(fully expanded)used: 88.2%->91.9%(314MB) / Compressed Class Space(still expandable)used: 84.5%->84.5%(2MB) / PS Old Gen(still expandable)used: 94.3%->94.3%(14MB) / PS Survivor Space(fully expanded)used: 100.0%->0.0%(1MB) / Metaspace(still expandable)used: 86.6%->86.6%(3MB) / CodeHeap 'non-nmethods'(still expandable)used: 46.4%->46.4%(2MB) /
GC cumulated overhead 24.4%
[14,438s][info][gc] GC(15) Pause Full (Ergonomics) 371M->326M(455M) 1116,283ms

Old Gen GC: - 4 PS MarkSweep (from Ergonomics) 1116 milliseconds; start-end times 13226-14342
CodeHeap 'profiled nmethods'(still expandable)used: 22.5%->22.5%(1MB) / PS Eden Space(fully expanded)used: 0.0%->0.0%(1MB) / CodeHeap 'non-profiled nmethods'(fully expanded)used: 91.9%->95.5%(327MB) / Compressed Class Space(still expandable)used: 84.7%->84.7%(2MB) / PS Old Gen(still expandable)used: 94.7%->94.7%(14MB) / PS Survivor Space(fully expanded)used: 100.0%->0.0%(1MB) / Metaspace(still expandable)used: 91.2%->91.2%(3MB) / CodeHeap 'non-nmethods'(still expandable)used: 46.4%->46.4%(2MB) /
GC cumulated overhead 29.0%
[16,266s][info][gc] GC(16) Pause Full (Ergonomics) 383M->339M(455M) 1118,032ms

Old Gen GC: - 5 PS MarkSweep (from Ergonomics) 1118 milliseconds; start-end times 15052-16170
CodeHeap 'profiled nmethods'(still expandable)used: 22.6%->22.6%(1MB) / PS Eden Space(fully expanded)used: 0.0%->0.0%(1MB) / CodeHeap 'non-profiled nmethods'(fully expanded)used: 95.5%->99.2%(340MB) / Compressed Class Space(still expandable)used: 84.7%->84.7%(2MB) / PS Old Gen(still expandable)used: 94.7%->94.7%(14MB) / PS Survivor Space(fully expanded)used: 100.0%->0.0%(1MB) / Metaspace(still expandable)used: 91.5%->91.5%(3MB) / CodeHeap 'non-nmethods'(still expandable)used: 46.4%->46.4%(2MB) /
GC cumulated overhead 32.7%
[18,129s][info][gc] GC(17) Pause Full (Ergonomics) 396M->351M(455M) 1146,396ms

Old Gen GC: - 6 PS MarkSweep (from Ergonomics) 1146 milliseconds; start-end times 16887-18033
CodeHeap 'profiled nmethods'(still expandable)used: 22.6%->22.6%(1MB) / PS Eden Space(fully expanded)used: 0.0%->0.0%(1MB) / CodeHeap 'non-profiled nmethods'(fully expanded)used: 99.2%->99.9%(342MB) / Compressed Class Space(still expandable)used: 84.7%->84.7%(2MB) / PS Old Gen(still expandable)used: 94.8%->94.8%(14MB) / PS Survivor Space(fully expanded)used: 100.0%->17.7%(11MB) / Metaspace(still expandable)used: 91.9%->91.9%(3MB) / CodeHeap 'non-nmethods'(still expandable)used: 46.4%->46.4%(2MB) /
GC cumulated overhead 35.6%
[19,938s][info][gc] GC(18) Pause Full (Ergonomics) 398M->362M(455M) 1158,495ms

Old Gen GC: - 7 PS MarkSweep (from Ergonomics) 1159 milliseconds; start-end times 18683-19842
CodeHeap 'profiled nmethods'(still expandable)used: 22.7%->22.7%(1MB) / PS Eden Space(fully expanded)used: 0.0%->0.0%(1MB) / CodeHeap 'non-profiled nmethods'(fully expanded)used: 99.9%->99.9%(342MB) / Compressed Class Space(still expandable)used: 84.7%->84.7%(2MB) / PS Old Gen(still expandable)used: 94.9%->94.9%(14MB) / PS Survivor Space(fully expanded)used: 100.0%->35.7%(21MB) / Metaspace(still expandable)used: 93.6%->93.6%(3MB) / CodeHeap 'non-nmethods'(still expandable)used: 46.4%->46.4%(2MB) /
GC cumulated overhead 38.2%
[21,700s][info][gc] GC(19) Pause Full (Ergonomics) 398M->370M(455M) 1267,032ms

Old Gen GC: - 8 PS MarkSweep (from Ergonomics) 1267 milliseconds; start-end times 20337-21604
CodeHeap 'profiled nmethods'(still expandable)used: 22.7%->22.7%(1MB) / PS Eden Space(fully expanded)used: 0.0%->0.0%(1MB) / CodeHeap 'non-profiled nmethods'(fully expanded)used: 99.9%->99.9%(342MB) / Compressed Class Space(still expandable)used: 84.7%->84.7%(2MB) / PS Old Gen(still expandable)used: 94.9%->94.9%(14MB) / PS Survivor Space(fully expanded)used: 100.0%->49.8%(29MB) / Metaspace(still expandable)used: 94.7%->94.7%(3MB) / CodeHeap 'non-nmethods'(still expandable)used: 46.4%->46.4%(2MB) /
GC cumulated overhead 41.0%
[23,311s][info][gc] GC(20) Pause Full (Ergonomics) 398M->376M(455M) 1165,481ms

Old Gen GC: - 9 PS MarkSweep (from Ergonomics) 1165 milliseconds; start-end times 22050-23215
CodeHeap 'profiled nmethods'(still expandable)used: 23.2%->23.2%(1MB) / PS Eden Space(fully expanded)used: 0.0%->0.0%(1MB) / CodeHeap 'non-profiled nmethods'(fully expanded)used: 99.9%->99.9%(342MB) / Compressed Class Space(still expandable)used: 84.7%->84.7%(2MB) / PS Old Gen(still expandable)used: 93.5%->93.5%(14MB) / PS Survivor Space(fully expanded)used: 100.0%->60.8%(35MB) / Metaspace(still expandable)used: 96.2%->96.2%(3MB) / CodeHeap 'non-nmethods'(still expandable)used: 46.4%->46.4%(2MB) /
GC cumulated overhead 43.1%
[24,781s][info][gc] GC(21) Pause Full (Ergonomics) 398M->381M(455M) 1152,989ms

Old Gen GC: - 10 PS MarkSweep (from Ergonomics) 1153 milliseconds; start-end times 23532-24685
CodeHeap 'profiled nmethods'(still expandable)used: 23.2%->23.2%(1MB) / PS Eden Space(fully expanded)used: 0.0%->0.0%(1MB) / CodeHeap 'non-profiled nmethods'(fully expanded)used: 99.9%->99.9%(342MB) / Compressed Class Space(still expandable)used: 84.7%->84.7%(2MB) / PS Old Gen(still expandable)used: 93.5%->93.5%(14MB) / PS Survivor Space(fully expanded)used: 100.0%->69.4%(40MB) / Metaspace(still expandable)used: 96.5%->96.5%(3MB) / CodeHeap 'non-nmethods'(still expandable)used: 46.4%->46.4%(2MB) /
GC cumulated overhead 45.2%
[26,239s][info][gc] GC(22) Pause Full (Ergonomics) 398M->385M(455M) 1196,144ms

Old Gen GC: - 11 PS MarkSweep (from Ergonomics) 1196 milliseconds; start-end times 24947-26143
CodeHeap 'profiled nmethods'(still expandable)used: 23.2%->23.2%(1MB) / PS Eden Space(fully expanded)used: 0.0%->0.0%(1MB) / CodeHeap 'non-profiled nmethods'(fully expanded)used: 99.9%->99.9%(342MB) / Compressed Class Space(still expandable)used: 84.7%->84.7%(2MB) / PS Old Gen(still expandable)used: 93.6%->93.6%(14MB) / PS Survivor Space(fully expanded)used: 100.0%->76.0%(44MB) / Metaspace(still expandable)used: 97.8%->97.8%(3MB) / CodeHeap 'non-nmethods'(still expandable)used: 46.4%->46.4%(2MB) /
GC cumulated overhead 47.3%
[27,604s][info][gc] GC(23) Pause Full (Ergonomics) 398M->388M(455M) 1169,733ms

Old Gen GC: - 12 PS MarkSweep (from Ergonomics) 1169 milliseconds; start-end times 26339-27508
CodeHeap 'profiled nmethods'(still expandable)used: 23.2%->23.2%(1MB) / PS Eden Space(fully expanded)used: 0.0%->0.0%(1MB) / CodeHeap 'non-profiled nmethods'(fully expanded)used: 99.9%->99.9%(342MB) / Compressed Class Space(still expandable)used: 84.7%->84.7%(2MB) / PS Old Gen(still expandable)used: 93.6%->93.6%(14MB) / PS Survivor Space(fully expanded)used: 100.0%->81.3%(47MB) / Metaspace(still expandable)used: 97.8%->97.8%(3MB) / CodeHeap 'non-nmethods'(still expandable)used: 46.4%->46.4%(2MB) /
GC cumulated overhead 49.2%
[28,945s][info][gc] GC(24) Pause Full (Ergonomics) 398M->390M(455M) 1187,181ms

Old Gen GC: - 13 PS MarkSweep (from Ergonomics) 1187 milliseconds; start-end times 27662-28849
CodeHeap 'profiled nmethods'(still expandable)used: 23.7%->23.7%(1MB) / PS Eden Space(fully expanded)used: 0.0%->0.0%(1MB) / CodeHeap 'non-profiled nmethods'(fully expanded)used: 99.9%->99.9%(342MB) / Compressed Class Space(still expandable)used: 84.7%->84.7%(2MB) / PS Old Gen(still expandable)used: 93.6%->93.6%(14MB) / PS Survivor Space(fully expanded)used: 100.0%->85.4%(50MB) / Metaspace(still expandable)used: 98.9%->98.9%(3MB) / CodeHeap 'non-nmethods'(still expandable)used: 46.4%->46.4%(2MB) /
GC cumulated overhead 51.0%
[30,405s][info][gc] GC(25) Pause Full (Ergonomics) 398M->392M(455M) 1328,266ms

Old Gen GC: - 14 PS MarkSweep (from Ergonomics) 1328 milliseconds; start-end times 28981-30309
CodeHeap 'profiled nmethods'(still expandable)used: 23.8%->23.8%(1MB) / PS Eden Space(fully expanded)used: 0.0%->0.0%(1MB) / CodeHeap 'non-profiled nmethods'(fully expanded)used: 99.9%->99.9%(342MB) / Compressed Class Space(still expandable)used: 84.8%->84.8%(2MB) / PS Old Gen(still expandable)used: 93.8%->93.8%(14MB) / PS Survivor Space(fully expanded)used: 100.0%->88.5%(51MB) / Metaspace(still expandable)used: 99.0%->99.0%(3MB) / CodeHeap 'non-nmethods'(still expandable)used: 46.4%->46.4%(2MB) /
GC cumulated overhead 52.9%
[31,733s][info][gc] GC(26) Pause Full (Ergonomics) 398M->393M(455M) 1227,303ms

Old Gen GC: - 15 PS MarkSweep (from Ergonomics) 1227 milliseconds; start-end times 30410-31637
CodeHeap 'profiled nmethods'(still expandable)used: 23.8%->23.8%(1MB) / PS Eden Space(fully expanded)used: 0.0%->0.0%(1MB) / CodeHeap 'non-profiled nmethods'(fully expanded)used: 99.9%->99.9%(342MB) / Compressed Class Space(still expandable)used: 84.8%->84.8%(2MB) / PS Old Gen(still expandable)used: 93.8%->93.8%(14MB) / PS Survivor Space(fully expanded)used: 100.0%->91.0%(53MB) / Metaspace(still expandable)used: 99.3%->99.3%(3MB) / CodeHeap 'non-nmethods'(still expandable)used: 46.4%->46.4%(2MB) /
GC cumulated overhead 54.6%
[33,007s][info][gc] GC(27) Pause Full (Ergonomics) 398M->394M(455M) 1212,929ms
[34,285s][info][gc] GC(28) Pause Full (Allocation Failure) 394M->394M(455M) 1277,316ms
java.lang.OutOfMemoryError: Java heap space
Dumping heap to ./dumps/ ...
Unable to create ./dumps/: Is a directory
>>> OUT OF MEMORY!
>>> NUMBER OF ADDED ELEMENTS: 20767725
Stopping...

Old Gen GC: - 16 PS MarkSweep (from Ergonomics) 1213 milliseconds; start-end times 31699-32912
CodeHeap 'profiled nmethods'(still expandable)used: 23.8%->23.8%(1MB) / PS Eden Space(fully expanded)used: 0.0%->0.0%(1MB) / CodeHeap 'non-profiled nmethods'(fully expanded)used: 99.9%->99.9%(342MB) / Compressed Class Space(still expandable)used: 84.8%->84.8%(2MB) / PS Old Gen(still expandable)used: 93.8%->93.8%(14MB) / PS Survivor Space(fully expanded)used: 99.5%->92.8%(54MB) / Metaspace(still expandable)used: 99.9%->99.9%(3MB) / CodeHeap 'non-nmethods'(still expandable)used: 46.4%->46.4%(2MB) /
GC cumulated overhead 56.2%

Old Gen GC: - 17 PS MarkSweep (from Allocation Failure) 1277 milliseconds; start-end times 32912-34189
CodeHeap 'profiled nmethods'(still expandable)used: 23.8%->23.8%(1MB) / PS Eden Space(fully expanded)used: 0.0%->0.0%(1MB) / CodeHeap 'non-profiled nmethods'(fully expanded)used: 99.9%->99.9%(342MB) / Compressed Class Space(still expandable)used: 84.8%->78.5%(2MB) / PS Old Gen(still expandable)used: 93.8%->90.7%(14MB) / PS Survivor Space(fully expanded)used: 92.8%->91.9%(53MB) / Metaspace(still expandable)used: 99.9%->99.9%(3MB) / CodeHeap 'non-nmethods'(still expandable)used: 46.4%->46.4%(2MB) /
GC cumulated overhead 57.8%

Process finished with exit code 0
